mode: set
github.com/sourcehawk/go-flyway/internal/credentials_provider/awssm_credentials.go:22.53,23.23 1 1
github.com/sourcehawk/go-flyway/internal/credentials_provider/awssm_credentials.go:23.23,25.3 1 1
github.com/sourcehawk/go-flyway/internal/credentials_provider/awssm_credentials.go:26.2,26.23 1 1
github.com/sourcehawk/go-flyway/internal/credentials_provider/awssm_credentials.go:26.23,28.3 1 1
github.com/sourcehawk/go-flyway/internal/credentials_provider/awssm_credentials.go:29.2,29.19 1 1
github.com/sourcehawk/go-flyway/internal/credentials_provider/awssm_credentials.go:29.19,31.3 1 1
github.com/sourcehawk/go-flyway/internal/credentials_provider/awssm_credentials.go:32.2,32.19 1 1
github.com/sourcehawk/go-flyway/internal/credentials_provider/awssm_credentials.go:32.19,34.3 1 1
github.com/sourcehawk/go-flyway/internal/credentials_provider/awssm_credentials.go:35.2,35.23 1 1
github.com/sourcehawk/go-flyway/internal/credentials_provider/awssm_credentials.go:35.23,37.3 1 1
github.com/sourcehawk/go-flyway/internal/credentials_provider/awssm_credentials.go:38.2,38.88 1 1
github.com/sourcehawk/go-flyway/internal/credentials_provider/awssm_credentials.go:38.88,39.38 1 1
github.com/sourcehawk/go-flyway/internal/credentials_provider/awssm_credentials.go:39.38,41.4 1 1
github.com/sourcehawk/go-flyway/internal/credentials_provider/awssm_credentials.go:43.2,43.20 1 1
github.com/sourcehawk/go-flyway/internal/credentials_provider/awssm_credentials.go:43.20,45.17 2 1
github.com/sourcehawk/go-flyway/internal/credentials_provider/awssm_credentials.go:45.17,47.4 1 1
github.com/sourcehawk/go-flyway/internal/credentials_provider/awssm_credentials.go:48.3,48.18 1 1
github.com/sourcehawk/go-flyway/internal/credentials_provider/awssm_credentials.go:50.2,50.12 1 1
github.com/sourcehawk/go-flyway/internal/credentials_provider/awssm_credentials.go:53.83,54.37 1 1
github.com/sourcehawk/go-flyway/internal/credentials_provider/awssm_credentials.go:54.37,56.3 1 1
github.com/sourcehawk/go-flyway/internal/credentials_provider/awssm_credentials.go:58.2,58.26 1 1
github.com/sourcehawk/go-flyway/internal/credentials_provider/awssm_credentials.go:58.26,60.3 1 1
github.com/sourcehawk/go-flyway/internal/credentials_provider/awssm_credentials.go:62.2,86.4 3 1
github.com/sourcehawk/go-flyway/internal/credentials_provider/awssm_credentials.go:86.4,87.92 1 1
github.com/sourcehawk/go-flyway/internal/credentials_provider/awssm_credentials.go:87.92,89.4 1 1
github.com/sourcehawk/go-flyway/internal/credentials_provider/awssm_credentials.go:93.2,95.16 2 1
github.com/sourcehawk/go-flyway/internal/credentials_provider/awssm_credentials.go:95.16,97.3 1 1
github.com/sourcehawk/go-flyway/internal/credentials_provider/awssm_credentials.go:100.2,103.16 3 1
github.com/sourcehawk/go-flyway/internal/credentials_provider/awssm_credentials.go:103.16,105.3 1 1
github.com/sourcehawk/go-flyway/internal/credentials_provider/awssm_credentials.go:107.2,108.25 2 1
github.com/sourcehawk/go-flyway/internal/credentials_provider/env_credentials.go:23.81,25.9 2 1
github.com/sourcehawk/go-flyway/internal/credentials_provider/env_credentials.go:25.9,27.3 1 1
github.com/sourcehawk/go-flyway/internal/credentials_provider/env_credentials.go:28.2,28.20 1 1
github.com/sourcehawk/go-flyway/internal/credentials_provider/env_credentials.go:28.20,30.3 1 1
github.com/sourcehawk/go-flyway/internal/credentials_provider/env_credentials.go:31.2,31.22 1 1
github.com/sourcehawk/go-flyway/internal/credentials_provider/env_credentials.go:34.54,37.71 2 1
github.com/sourcehawk/go-flyway/internal/credentials_provider/env_credentials.go:37.71,39.3 1 1
github.com/sourcehawk/go-flyway/internal/credentials_provider/env_credentials.go:40.2,40.71 1 1
github.com/sourcehawk/go-flyway/internal/credentials_provider/env_credentials.go:40.71,42.3 1 1
github.com/sourcehawk/go-flyway/internal/credentials_provider/env_credentials.go:43.2,43.63 1 1
github.com/sourcehawk/go-flyway/internal/credentials_provider/env_credentials.go:43.63,45.3 1 1
github.com/sourcehawk/go-flyway/internal/credentials_provider/env_credentials.go:46.2,46.71 1 1
github.com/sourcehawk/go-flyway/internal/credentials_provider/env_credentials.go:46.71,48.3 1 1
github.com/sourcehawk/go-flyway/internal/credentials_provider/env_credentials.go:50.2,52.16 2 1
github.com/sourcehawk/go-flyway/internal/credentials_provider/env_credentials.go:52.16,54.3 1 1
github.com/sourcehawk/go-flyway/internal/credentials_provider/env_credentials.go:56.2,56.53 1 1
github.com/sourcehawk/go-flyway/internal/credentials_provider/env_credentials.go:56.53,58.3 1 1
github.com/sourcehawk/go-flyway/internal/credentials_provider/env_credentials.go:60.2,60.12 1 1
github.com/sourcehawk/go-flyway/internal/credentials_provider/env_credentials.go:63.51,64.25 1 1
github.com/sourcehawk/go-flyway/internal/credentials_provider/env_credentials.go:64.25,66.3 1 1
github.com/sourcehawk/go-flyway/internal/credentials_provider/env_credentials.go:67.2,67.25 1 1
github.com/sourcehawk/go-flyway/internal/credentials_provider/env_credentials.go:67.25,69.3 1 1
github.com/sourcehawk/go-flyway/internal/credentials_provider/env_credentials.go:70.2,70.21 1 1
github.com/sourcehawk/go-flyway/internal/credentials_provider/env_credentials.go:70.21,72.3 1 1
github.com/sourcehawk/go-flyway/internal/credentials_provider/env_credentials.go:73.2,73.21 1 1
github.com/sourcehawk/go-flyway/internal/credentials_provider/env_credentials.go:73.21,75.3 1 1
github.com/sourcehawk/go-flyway/internal/credentials_provider/env_credentials.go:76.2,76.25 1 1
github.com/sourcehawk/go-flyway/internal/credentials_provider/env_credentials.go:76.25,78.3 1 1
github.com/sourcehawk/go-flyway/internal/credentials_provider/env_credentials.go:79.2,79.40 1 1
github.com/sourcehawk/go-flyway/internal/credentials_provider/env_credentials.go:79.40,81.3 1 1
github.com/sourcehawk/go-flyway/internal/credentials_provider/env_credentials.go:82.2,82.12 1 1
github.com/sourcehawk/go-flyway/internal/credentials_provider/env_credentials.go:85.81,86.37 1 1
github.com/sourcehawk/go-flyway/internal/credentials_provider/env_credentials.go:86.37,88.3 1 1
github.com/sourcehawk/go-flyway/internal/credentials_provider/env_credentials.go:89.2,95.8 1 1
github.com/sourcehawk/go-flyway/internal/credentials_provider/text_credentials.go:9.52,10.22 1 1
github.com/sourcehawk/go-flyway/internal/credentials_provider/text_credentials.go:10.22,12.3 1 1
github.com/sourcehawk/go-flyway/internal/credentials_provider/text_credentials.go:13.2,13.22 1 1
github.com/sourcehawk/go-flyway/internal/credentials_provider/text_credentials.go:13.22,15.3 1 1
github.com/sourcehawk/go-flyway/internal/credentials_provider/text_credentials.go:16.2,16.18 1 1
github.com/sourcehawk/go-flyway/internal/credentials_provider/text_credentials.go:16.18,18.3 1 1
github.com/sourcehawk/go-flyway/internal/credentials_provider/text_credentials.go:19.2,19.17 1 1
github.com/sourcehawk/go-flyway/internal/credentials_provider/text_credentials.go:19.17,21.3 1 1
github.com/sourcehawk/go-flyway/internal/credentials_provider/text_credentials.go:22.2,22.22 1 1
github.com/sourcehawk/go-flyway/internal/credentials_provider/text_credentials.go:22.22,24.3 1 1
github.com/sourcehawk/go-flyway/internal/credentials_provider/text_credentials.go:25.2,25.12 1 1
github.com/sourcehawk/go-flyway/internal/credentials_provider/text_credentials.go:28.82,29.37 1 1
github.com/sourcehawk/go-flyway/internal/credentials_provider/text_credentials.go:29.37,31.3 1 1
github.com/sourcehawk/go-flyway/internal/credentials_provider/text_credentials.go:32.2,32.36 1 1
github.com/sourcehawk/go-flyway/internal/secrets_provider/aws_secrets_manager.go:26.57,32.16 4 0
github.com/sourcehawk/go-flyway/internal/secrets_provider/aws_secrets_manager.go:32.16,34.3 1 0
github.com/sourcehawk/go-flyway/internal/secrets_provider/aws_secrets_manager.go:36.2,38.8 1 0
github.com/sourcehawk/go-flyway/internal/secrets_provider/aws_secrets_manager.go:41.76,49.16 4 1
github.com/sourcehawk/go-flyway/internal/secrets_provider/aws_secrets_manager.go:49.16,51.26 2 1
github.com/sourcehawk/go-flyway/internal/secrets_provider/aws_secrets_manager.go:51.26,53.4 1 1
github.com/sourcehawk/go-flyway/internal/secrets_provider/aws_secrets_manager.go:54.3,54.67 1 1
github.com/sourcehawk/go-flyway/internal/secrets_provider/aws_secrets_manager.go:57.2,59.30 2 1
github.com/sourcehawk/go-flyway/internal/secrets_provider/aws_secrets_manager.go:59.30,60.75 1 1
github.com/sourcehawk/go-flyway/internal/secrets_provider/aws_secrets_manager.go:60.75,62.4 1 1
github.com/sourcehawk/go-flyway/internal/secrets_provider/aws_secrets_manager.go:63.8,64.66 1 1
github.com/sourcehawk/go-flyway/internal/secrets_provider/aws_secrets_manager.go:64.66,66.4 1 1
github.com/sourcehawk/go-flyway/internal/secrets_provider/aws_secrets_manager.go:69.2,69.18 1 1
github.com/sourcehawk/go-flyway/internal/secrets_provider/secrets_provider.go:14.38,15.24 1 1
github.com/sourcehawk/go-flyway/internal/secrets_provider/secrets_provider.go:15.24,17.3 1 1
github.com/sourcehawk/go-flyway/internal/secrets_provider/secrets_provider.go:18.2,18.23 1 1
github.com/sourcehawk/go-flyway/internal/secrets_provider/secrets_provider.go:18.23,20.3 1 1
github.com/sourcehawk/go-flyway/internal/secrets_provider/secrets_provider.go:21.2,21.12 1 1
github.com/sourcehawk/go-flyway/internal/secrets_provider/secrets_provider.go:48.154,49.20 1 1
github.com/sourcehawk/go-flyway/internal/secrets_provider/secrets_provider.go:49.20,50.43 1 1
github.com/sourcehawk/go-flyway/internal/secrets_provider/secrets_provider.go:53.2,53.23 1 1
github.com/sourcehawk/go-flyway/internal/secrets_provider/secrets_provider.go:53.23,54.42 1 1
github.com/sourcehawk/go-flyway/internal/secrets_provider/secrets_provider.go:57.2,57.24 1 1
github.com/sourcehawk/go-flyway/internal/secrets_provider/secrets_provider.go:57.24,59.3 1 1
github.com/sourcehawk/go-flyway/internal/secrets_provider/secrets_provider.go:61.2,65.9 3 1
github.com/sourcehawk/go-flyway/internal/secrets_provider/secrets_provider.go:65.9,68.17 2 1
github.com/sourcehawk/go-flyway/internal/secrets_provider/secrets_provider.go:68.17,70.4 1 1
github.com/sourcehawk/go-flyway/internal/secrets_provider/secrets_provider.go:72.3,73.21 2 1
github.com/sourcehawk/go-flyway/internal/secrets_provider/secrets_provider.go:76.2,78.9 2 1
github.com/sourcehawk/go-flyway/internal/secrets_provider/secrets_provider.go:78.9,80.3 1 1
github.com/sourcehawk/go-flyway/internal/secrets_provider/secrets_provider.go:82.2,82.17 1 1
github.com/sourcehawk/go-flyway/internal/secrets_provider/secrets_provider.go:82.17,84.3 1 1
github.com/sourcehawk/go-flyway/internal/secrets_provider/secrets_provider.go:86.2,88.12 2 1
github.com/sourcehawk/go-flyway/internal/migrator/credentials.go:22.40,23.22 1 1
github.com/sourcehawk/go-flyway/internal/migrator/credentials.go:23.22,25.3 1 1
github.com/sourcehawk/go-flyway/internal/migrator/credentials.go:27.2,29.11 2 1
github.com/sourcehawk/go-flyway/internal/migrator/credentials.go:30.27,31.32 1 1
github.com/sourcehawk/go-flyway/internal/migrator/credentials.go:31.32,33.4 1 1
github.com/sourcehawk/go-flyway/internal/migrator/credentials.go:34.3,34.42 1 1
github.com/sourcehawk/go-flyway/internal/migrator/credentials.go:35.26,36.31 1 1
github.com/sourcehawk/go-flyway/internal/migrator/credentials.go:36.31,38.4 1 1
github.com/sourcehawk/go-flyway/internal/migrator/credentials.go:39.3,39.41 1 1
github.com/sourcehawk/go-flyway/internal/migrator/credentials.go:40.28,41.33 1 1
github.com/sourcehawk/go-flyway/internal/migrator/credentials.go:41.33,43.4 1 1
github.com/sourcehawk/go-flyway/internal/migrator/credentials.go:44.3,44.43 1 1
github.com/sourcehawk/go-flyway/internal/migrator/credentials.go:45.10,46.79 1 1
github.com/sourcehawk/go-flyway/internal/migrator/credentials.go:49.2,49.54 1 1
github.com/sourcehawk/go-flyway/internal/migrator/credentials.go:49.54,51.3 1 1
github.com/sourcehawk/go-flyway/internal/migrator/credentials.go:53.2,53.12 1 1
github.com/sourcehawk/go-flyway/internal/migrator/credentials.go:56.75,57.26 1 1
github.com/sourcehawk/go-flyway/internal/migrator/credentials.go:57.26,59.3 1 1
github.com/sourcehawk/go-flyway/internal/migrator/credentials.go:61.2,63.16 2 1
github.com/sourcehawk/go-flyway/internal/migrator/credentials.go:63.16,65.3 1 1
github.com/sourcehawk/go-flyway/internal/migrator/credentials.go:67.2,68.19 2 1
github.com/sourcehawk/go-flyway/internal/migrator/credentials.go:75.75,76.37 1 1
github.com/sourcehawk/go-flyway/internal/migrator/credentials.go:76.37,78.3 1 1
github.com/sourcehawk/go-flyway/internal/migrator/credentials.go:80.2,80.29 1 1
github.com/sourcehawk/go-flyway/internal/migrator/migrator.go:24.37,25.26 1 1
github.com/sourcehawk/go-flyway/internal/migrator/migrator.go:25.26,26.50 1 1
github.com/sourcehawk/go-flyway/internal/migrator/migrator.go:26.50,28.4 1 1
github.com/sourcehawk/go-flyway/internal/migrator/migrator.go:30.3,30.61 1 1
github.com/sourcehawk/go-flyway/internal/migrator/migrator.go:30.61,32.4 1 0
github.com/sourcehawk/go-flyway/internal/migrator/migrator.go:35.2,35.30 1 1
github.com/sourcehawk/go-flyway/internal/migrator/migrator.go:35.30,36.27 1 1
github.com/sourcehawk/go-flyway/internal/migrator/migrator.go:36.27,37.28 1 1
github.com/sourcehawk/go-flyway/internal/migrator/migrator.go:37.28,39.5 1 1
github.com/sourcehawk/go-flyway/internal/migrator/migrator.go:40.4,40.33 1 1
github.com/sourcehawk/go-flyway/internal/migrator/migrator.go:43.3,43.29 1 1
github.com/sourcehawk/go-flyway/internal/migrator/migrator.go:43.29,44.63 1 1
github.com/sourcehawk/go-flyway/internal/migrator/migrator.go:44.63,46.5 1 1
github.com/sourcehawk/go-flyway/internal/migrator/migrator.go:49.3,49.38 1 1
github.com/sourcehawk/go-flyway/internal/migrator/migrator.go:49.38,51.4 1 1
github.com/sourcehawk/go-flyway/internal/migrator/migrator.go:54.2,54.12 1 1
github.com/sourcehawk/go-flyway/internal/migrator/migrator.go:58.36,59.37 1 1
github.com/sourcehawk/go-flyway/internal/migrator/migrator.go:59.37,61.3 1 1
github.com/sourcehawk/go-flyway/internal/migrator/migrator.go:63.2,63.30 1 1
github.com/sourcehawk/go-flyway/internal/migrator/migrator.go:63.30,64.50 1 1
github.com/sourcehawk/go-flyway/internal/migrator/migrator.go:64.50,66.4 1 1
github.com/sourcehawk/go-flyway/internal/migrator/migrator.go:69.2,69.12 1 1
github.com/sourcehawk/go-flyway/internal/migrator/migrator.go:72.83,75.16 2 1
github.com/sourcehawk/go-flyway/internal/migrator/migrator.go:75.16,77.3 1 1
github.com/sourcehawk/go-flyway/internal/migrator/migrator.go:79.2,81.22 2 1
github.com/sourcehawk/go-flyway/internal/migrator/migrator.go:81.22,83.3 1 0
github.com/sourcehawk/go-flyway/internal/migrator/migrator.go:85.2,89.55 2 1
github.com/sourcehawk/go-flyway/internal/migrator/migrator.go:89.55,91.3 1 1
github.com/sourcehawk/go-flyway/internal/migrator/migrator.go:93.2,93.44 1 1
github.com/sourcehawk/go-flyway/internal/migrator/migrator.go:93.44,95.3 1 0
github.com/sourcehawk/go-flyway/internal/migrator/migrator.go:97.2,97.22 1 1
github.com/sourcehawk/go-flyway/internal/migrator/migrator.go:101.56,103.2 1 1
github.com/sourcehawk/go-flyway/internal/migrator/placeholder.go:17.40,18.18 1 1
github.com/sourcehawk/go-flyway/internal/migrator/placeholder.go:18.18,20.3 1 1
github.com/sourcehawk/go-flyway/internal/migrator/placeholder.go:22.2,22.44 1 1
github.com/sourcehawk/go-flyway/internal/migrator/placeholder.go:22.44,24.3 1 1
github.com/sourcehawk/go-flyway/internal/migrator/placeholder.go:26.2,26.12 1 1
github.com/sourcehawk/go-flyway/internal/migrator/placeholder.go:29.49,30.27 1 1
github.com/sourcehawk/go-flyway/internal/migrator/placeholder.go:30.27,31.51 1 1
github.com/sourcehawk/go-flyway/internal/migrator/placeholder.go:34.2,36.16 2 1
github.com/sourcehawk/go-flyway/internal/migrator/placeholder.go:36.16,38.3 1 1
github.com/sourcehawk/go-flyway/internal/migrator/placeholder.go:40.2,42.19 2 1
github.com/sourcehawk/go-flyway/internal/migrator/placeholder.go:42.19,44.3 1 1
github.com/sourcehawk/go-flyway/internal/migrator/placeholder.go:46.2,46.12 1 1
github.com/sourcehawk/go-flyway/internal/migrator/placeholder.go:49.53,51.16 2 1
github.com/sourcehawk/go-flyway/internal/migrator/placeholder.go:51.16,53.3 1 1
github.com/sourcehawk/go-flyway/internal/migrator/placeholder.go:55.2,55.27 1 1
github.com/sourcehawk/go-flyway/internal/migrator/placeholder.go:55.27,56.47 1 1
github.com/sourcehawk/go-flyway/internal/migrator/placeholder.go:56.47,58.4 1 1
github.com/sourcehawk/go-flyway/internal/migrator/placeholder.go:61.2,61.65 1 1
github.com/sourcehawk/go-flyway/internal/migrator/schema.go:25.35,26.18 1 1
github.com/sourcehawk/go-flyway/internal/migrator/schema.go:26.18,28.3 1 1
github.com/sourcehawk/go-flyway/internal/migrator/schema.go:30.2,30.28 1 1
github.com/sourcehawk/go-flyway/internal/migrator/schema.go:30.28,32.3 1 1
github.com/sourcehawk/go-flyway/internal/migrator/schema.go:34.2,34.26 1 1
github.com/sourcehawk/go-flyway/internal/migrator/schema.go:34.26,36.3 1 1
github.com/sourcehawk/go-flyway/internal/migrator/schema.go:40.2,40.60 1 1
github.com/sourcehawk/go-flyway/internal/migrator/schema.go:40.60,42.3 1 1
github.com/sourcehawk/go-flyway/internal/migrator/schema.go:44.2,44.35 1 1
github.com/sourcehawk/go-flyway/internal/migrator/schema.go:44.35,46.19 2 1
github.com/sourcehawk/go-flyway/internal/migrator/schema.go:46.19,52.4 1 1
github.com/sourcehawk/go-flyway/internal/migrator/schema.go:53.3,53.39 1 1
github.com/sourcehawk/go-flyway/internal/migrator/schema.go:53.39,59.4 1 1
github.com/sourcehawk/go-flyway/internal/migrator/schema.go:60.3,60.23 1 1
github.com/sourcehawk/go-flyway/internal/migrator/schema.go:60.23,66.4 1 1
github.com/sourcehawk/go-flyway/internal/migrator/schema.go:69.2,69.35 1 1
github.com/sourcehawk/go-flyway/internal/migrator/schema.go:69.35,70.38 1 1
github.com/sourcehawk/go-flyway/internal/migrator/schema.go:70.38,72.4 1 1
github.com/sourcehawk/go-flyway/internal/migrator/schema.go:75.2,75.12 1 1
github.com/sourcehawk/go-flyway/internal/migrator/schema.go:81.60,88.30 3 1
github.com/sourcehawk/go-flyway/internal/migrator/schema.go:88.30,90.19 2 1
github.com/sourcehawk/go-flyway/internal/migrator/schema.go:90.19,96.4 1 1
github.com/sourcehawk/go-flyway/internal/migrator/schema.go:97.3,97.36 1 1
github.com/sourcehawk/go-flyway/internal/migrator/schema.go:97.36,99.20 2 1
github.com/sourcehawk/go-flyway/internal/migrator/schema.go:99.20,105.5 1 1
github.com/sourcehawk/go-flyway/internal/migrator/schema.go:107.3,107.21 1 1
github.com/sourcehawk/go-flyway/internal/migrator/schema.go:110.2,113.30 3 1
github.com/sourcehawk/go-flyway/internal/migrator/schema.go:113.30,116.3 2 1
github.com/sourcehawk/go-flyway/internal/migrator/schema.go:118.2,119.12 2 1
github.com/sourcehawk/go-flyway/internal/migrator/schema.go:122.70,124.34 2 1
github.com/sourcehawk/go-flyway/internal/migrator/schema.go:124.34,126.3 1 1
github.com/sourcehawk/go-flyway/internal/migrator/schema.go:127.2,127.12 1 1
github.com/sourcehawk/go-flyway/internal/migrator/schema.go:130.65,131.37 1 1
github.com/sourcehawk/go-flyway/internal/migrator/schema.go:131.37,133.3 1 1
github.com/sourcehawk/go-flyway/internal/migrator/schema.go:135.2,135.56 1 1
github.com/sourcehawk/go-flyway/internal/migrator/schema.go:135.56,137.3 1 1
github.com/sourcehawk/go-flyway/internal/migrator/schema.go:139.2,140.16 2 1
github.com/sourcehawk/go-flyway/internal/migrator/schema.go:140.16,142.3 1 0
github.com/sourcehawk/go-flyway/internal/migrator/schema.go:144.2,147.35 3 1
github.com/sourcehawk/go-flyway/internal/migrator/schema.go:147.35,149.17 2 1
github.com/sourcehawk/go-flyway/internal/migrator/schema.go:149.17,151.4 1 0
github.com/sourcehawk/go-flyway/internal/migrator/schema.go:152.3,152.34 1 1
github.com/sourcehawk/go-flyway/internal/migrator/schema.go:155.2,168.34 6 1
github.com/sourcehawk/go-flyway/internal/migrator/schema.go:168.34,170.3 1 1
github.com/sourcehawk/go-flyway/internal/migrator/schema.go:172.2,172.12 1 1
